<?xml version="1.0" encoding="UTF-8"?>
<robot generator="Robot 7.4.2 (Python 3.13.12 on win32)" generated="2026-06-14T19:00:13.956376" rpa="false" schemaversion="5">
<suite id="s1" name="Tests" source="C:\Users\Sampath_Kumar_K\OneDrive\my-robot-project\tests">
<suite id="s1-s1" name="Form" source="C:\Users\Sampath_Kumar_K\OneDrive\my-robot-project\tests\form.robot">
<test id="s1-s1-t1" name="Submit Demo Web Form" line="5">
<kw name="Open Headless Browser" owner="keywords">
<kw name="Open Browser" owner="SeleniumLibrary">
<msg time="2026-06-14T19:00:14.193806" level="INFO">Opening browser 'chrome' to base url 'https://www.selenium.dev/selenium/web/web-form.html'.</msg>
<arg>${url}</arg>
<arg>${BROWSER}</arg>
<arg>options=${OPTIONS}</arg>
<doc>Opens a new browser instance to the optional ``url``.</doc>
<status status="PASS" start="2026-06-14T19:00:14.193523" elapsed="1.435878"/>
</kw>
<arg>https://www.selenium.dev/selenium/web/web-form.html</arg>
<status status="PASS" start="2026-06-14T19:00:14.192848" elapsed="1.436778"/>
</kw>
<kw name="Input Text" owner="SeleniumLibrary">
<msg time="2026-06-14T19:00:15.630576" level="INFO">Typing text 'John Doe' into text field 'name:my-text'.</msg>
<arg>name:my-text</arg>
<arg>John Doe</arg>
<doc>Types the given ``text`` into the text field identified by ``locator``.</doc>
<status status="PASS" start="2026-06-14T19:00:15.630003" elapsed="0.084316"/>
</kw>
<kw name="Input Text" owner="SeleniumLibrary">
<msg time="2026-06-14T19:00:15.715005" level="INFO">Typing text 'secret123' into text field 'name:my-password'.</msg>
<arg>name:my-password</arg>
<arg>secret123</arg>
<doc>Types the given ``text`` into the text field identified by ``locator``.</doc>
<status status="PASS" start="2026-06-14T19:00:15.714689" elapsed="0.084590"/>
</kw>
<kw name="Input Text" owner="SeleniumLibrary">
<msg time="2026-06-14T19:00:15.799903" level="INFO">Typing text 'Hello, this is a test message.' into text field 'name:my-textarea'.</msg>
<arg>name:my-textarea</arg>
<arg>Hello, this is a test message.</arg>
<doc>Types the given ``text`` into the text field identified by ``locator``.</doc>
<status status="PASS" start="2026-06-14T19:00:15.799638" elapsed="0.068497"/>
</kw>
<kw name="Scroll Element Into View" owner="SeleniumLibrary">
<arg>css:button</arg>
<doc>Scrolls the element identified by ``locator`` into view.</doc>
<status status="PASS" start="2026-06-14T19:00:15.868672" elapsed="0.283472"/>
</kw>
<kw name="Click Button" owner="SeleniumLibrary">
<msg time="2026-06-14T19:00:16.152914" level="INFO">Clicking button 'css:button'.</msg>
<arg>css:button</arg>
<doc>Clicks the button identified by ``locator``.</doc>
<status status="PASS" start="2026-06-14T19:00:16.152562" elapsed="0.063657"/>
</kw>
<kw name="Wait Until Page Contains" owner="SeleniumLibrary">
<arg>Received!</arg>
<arg>timeout=15s</arg>
<doc>Waits until ``text`` appears on the current page.</doc>
<status status="PASS" start="2026-06-14T19:00:16.216568" elapsed="0.252715"/>
</kw>
<kw name="Page Should Contain" owner="SeleniumLibrary">
<msg time="2026-06-14T19:00:16.476245" level="INFO">Current page contains text 'Received!'.</msg>
<arg>Received!</arg>
<doc>Verifies that current page contains ``text``.</doc>
<status status="PASS" start="2026-06-14T19:00:16.469677" elapsed="0.006675"/>
</kw>
<kw name="Close Browser Session" owner="keywords">
<kw name="Close Browser" owner="SeleniumLibrary">
<doc>Closes the current browser.</doc>
<status status="PASS" start="2026-06-14T19:00:16.477009" elapsed="2.092081"/>
</kw>
<status status="PASS" start="2026-06-14T19:00:16.476732" elapsed="2.092524"/>
</kw>
<status status="PASS" start="2026-06-14T19:00:14.191955" elapsed="4.377864"/>
</test>
<status status="PASS" start="2026-06-14T19:00:13.992549" elapsed="4.578165"/>
</suite>
<suite id="s1-s2" name="Gpio Tests" source="C:\Users\Sampath_Kumar_K\OneDrive\my-robot-project\tests\gpio_tests.robot">
<test id="s1-s2-t1" name="Toggle GPIO Pin" line="6">
<kw name="Set High" owner="GPIO">
<arg>5</arg>
<status status="PASS" start="2026-06-14T19:00:18.582625" elapsed="0.000162"/>
</kw>
<kw name="Read State" owner="GPIO">
<msg time="2026-06-14T19:00:18.583211" level="INFO">${state} = 1</msg>
<var>${state}</var>
<arg>5</arg>
<status status="PASS" start="2026-06-14T19:00:18.583079" elapsed="0.000155"/>
</kw>
<kw name="Should Be Equal As Integers" owner="BuiltIn">
<msg time="2026-06-14T19:00:18.583748" level="INFO">Argument types are:
&lt;class 'int'&gt;
&lt;class 'str'&gt;</msg>
<arg>${state}</arg>
<arg>1</arg>
<doc>Fails if objects are unequal after converting them to integers.</doc>
<status status="PASS" start="2026-06-14T19:00:18.583501" elapsed="0.000298"/>
</kw>
<kw name="Set Low" owner="GPIO">
<arg>5</arg>
<status status="PASS" start="2026-06-14T19:00:18.583932" elapsed="0.000080"/>
</kw>
<kw name="Read State" owner="GPIO">
<msg time="2026-06-14T19:00:18.584351" level="INFO">${state} = 0</msg>
<var>${state}</var>
<arg>5</arg>
<status status="PASS" start="2026-06-14T19:00:18.584184" elapsed="0.000188"/>
</kw>
<kw name="Should Be Equal As Integers" owner="BuiltIn">
<msg time="2026-06-14T19:00:18.584735" level="INFO">Argument types are:
&lt;class 'int'&gt;
&lt;class 'str'&gt;</msg>
<arg>${state}</arg>
<arg>0</arg>
<doc>Fails if objects are unequal after converting them to integers.</doc>
<status status="PASS" start="2026-06-14T19:00:18.584517" elapsed="0.000280"/>
</kw>
<status status="PASS" start="2026-06-14T19:00:18.582056" elapsed="0.003018"/>
</test>
<test id="s1-s2-t2" name="GPIO Interrupt Test" line="14">
<kw name="Create List" owner="BuiltIn">
<msg time="2026-06-14T19:00:18.586161" level="INFO">${events} = []</msg>
<var>${events}</var>
<doc>Returns a list containing given items.</doc>
<status status="PASS" start="2026-06-14T19:00:18.585859" elapsed="0.000330"/>
</kw>
<kw name="Register Interrupt" owner="GPIO">
<arg>5</arg>
<arg>Keyword Callback</arg>
<arg>${events}</arg>
<arg>debounce_ms=200</arg>
<arg>edge=both</arg>
<status status="PASS" start="2026-06-14T19:00:18.586365" elapsed="0.000350"/>
</kw>
<kw name="Set High" owner="GPIO">
<kw name="Keyword Callback">
<kw name="Append To List" owner="Collections">
<arg>${events}</arg>
<arg>Pin ${pin} State ${state}</arg>
<doc>Adds ``values`` to the end of ``list``.</doc>
<status status="PASS" start="2026-06-14T19:00:18.587661" elapsed="0.000205"/>
</kw>
<arg>['Pin 5 State 1']</arg>
<arg>5</arg>
<arg>1</arg>
<status status="PASS" start="2026-06-14T19:00:18.587445" elapsed="0.000471"/>
</kw>
<arg>5</arg>
<status status="PASS" start="2026-06-14T19:00:18.586894" elapsed="0.001161"/>
</kw>
<kw name="Set Low" owner="GPIO">
<arg>5</arg>
<status status="PASS" start="2026-06-14T19:00:18.588272" elapsed="0.000119"/>
</kw>
<kw name="Sleep" owner="BuiltIn">
<msg time="2026-06-14T19:00:18.789175" level="INFO">Slept 200 milliseconds.</msg>
<arg>0.2s</arg>
<doc>Pauses the test executed for the given time.</doc>
<status status="PASS" start="2026-06-14T19:00:18.588527" elapsed="0.200839"/>
</kw>
<kw name="Should Not Be Empty" owner="BuiltIn">
<msg time="2026-06-14T19:00:18.791123" level="INFO">Length is 1.</msg>
<arg>${events}</arg>
<doc>Verifies that the given item is not empty.</doc>
<status status="PASS" start="2026-06-14T19:00:18.790169" elapsed="0.001006"/>
</kw>
<status status="PASS" start="2026-06-14T19:00:18.585524" elapsed="0.205864"/>
</test>
<test id="s1-s2-t3" name="GPIO Interrupt With Debounce" line="22">
<kw name="Create List" owner="BuiltIn">
<msg time="2026-06-14T19:00:18.792347" level="INFO">${events} = []</msg>
<var>${events}</var>
<doc>Returns a list containing given items.</doc>
<status status="PASS" start="2026-06-14T19:00:18.792129" elapsed="0.000241"/>
</kw>
<kw name="Register Interrupt" owner="GPIO">
<arg>5</arg>
<arg>Keyword Callback</arg>
<arg>${events}</arg>
<arg>debounce_ms=200</arg>
<arg>edge=both</arg>
<status status="PASS" start="2026-06-14T19:00:18.792549" elapsed="0.000267"/>
</kw>
<kw name="Set High" owner="GPIO">
<kw name="Keyword Callback">
<kw name="Append To List" owner="Collections"><arg>5</arg>
<status status="PASS" start="2026-06-14T19:00:18.792960" elapsed="0.000820"/>
</kw>
<kw name="Sleep" owner="BuiltIn">

<arg>${events}</arg>
<arg>Pin ${pin} State ${state}</arg>
<doc>Adds ``values`` to the end of ``list``.</doc>
<status status="PASS" start="2026-06-14T19:00:18.793678" elapsed="0.000666"/>
</kw>
<arg>['Pin 5 State 1']</arg>
<arg>5</arg>
<arg>1</arg>
<status status="PASS" start="2026-06-14T19:00:18.793456" elapsed="0.000939"/>
</kw>
<msg time="2026-06-14T19:00:18.844726" level="INFO">Slept 50 milliseconds.</msg>
<arg>0.05s</arg>
<doc>Pauses the test executed for the given time.</doc>
<status status="PASS" start="2026-06-14T19:00:18.793934" elapsed="0.051019"/>
</kw>
<kw name="Set Low" owner="GPIO">
<arg>5</arg>
<status status="PASS" start="2026-06-14T19:00:18.845591" elapsed="0.000194"/>
</kw>
<kw name="Sleep" owner="BuiltIn">
<msg time="2026-06-14T19:00:18.896904" level="INFO">Slept 50 milliseconds.</msg>
<arg>0.05s</arg>
<doc>Pauses the test executed for the given time.</doc>
<status status="PASS" start="2026-06-14T19:00:18.846002" elapsed="0.051047"/>
</kw>
<kw name="Set High" owner="GPIO">
<arg>5</arg>
<status status="PASS" start="2026-06-14T19:00:18.897360" elapsed="0.000153"/>
</kw>
<kw name="Sleep" owner="BuiltIn">
<msg time="2026-06-14T19:00:18.948325" level="INFO">Slept 50 milliseconds.</msg>
<arg>0.05s</arg>
<doc>Pauses the test executed for the given time.</doc>
<status status="PASS" start="2026-06-14T19:00:18.897878" elapsed="0.050582"/>
</kw>
<kw name="Sleep" owner="BuiltIn">
<msg time="2026-06-14T19:00:19.149551" level="INFO">Slept 200 milliseconds.</msg>
<arg>0.2s</arg>
<doc>Pauses the test executed for the given time.</doc>
<status status="PASS" start="2026-06-14T19:00:18.948811" elapsed="0.201010"/>
</kw>
<kw name="Length Should Be" owner="BuiltIn">
<msg time="2026-06-14T19:00:19.151059" level="INFO">Length is 1.</msg>
<arg>${events}</arg>
<arg>1</arg>
<doc>Verifies that the length of the given item is correct.</doc>
<status status="PASS" start="2026-06-14T19:00:19.150359" elapsed="0.000781"/>
</kw>
<kw name="Should Contain" owner="BuiltIn">
<arg>${events[0]}</arg>
<arg>Pin 5 State 1</arg>
<doc>Fails if ``container`` does not contain ``item`` one or more times.</doc>
<status status="PASS" start="2026-06-14T19:00:19.151485" elapsed="0.000859"/>
</kw>
<status status="PASS" start="2026-06-14T19:00:18.791802" elapsed="0.360810"/>
</test>
<status status="PASS" start="2026-06-14T19:00:18.571351" elapsed="0.582118"/>
</suite>
<suite id="s1-s3" name="Login" source="C:\Users\Sampath_Kumar_K\OneDrive\my-robot-project\tests\login.robot">
<test id="s1-s3-t1" name="Valid Login With Retry" line="39">
<kw name="Login With Credentials (Retry)">
<kw name="Open Headless Browser">
<kw name="Open Browser" owner="SeleniumLibrary">
<msg time="2026-06-14T19:00:19.158008" level="INFO">Opening browser 'chrome' to base url 'https://the-internet.herokuapp.com/login'.</msg>
<arg>${url}</arg>
<arg>${BROWSER}</arg>
<arg>options=${OPTIONS}</arg>
<doc>Opens a new browser instance to the optional ``url``.</doc>
<status status="PASS" start="2026-06-14T19:00:19.157791" elapsed="4.748349"/>
</kw>
<arg>${url}</arg>
<status status="PASS" start="2026-06-14T19:00:19.157562" elapsed="4.748781"/>
</kw>
<kw name="Retry Keyword">
<for flavor="IN RANGE">
<iter>
<kw name="Log" owner="BuiltIn">
<msg time="2026-06-14T19:00:23.908015" level="INFO">Attempt 1 for keyword: Input Text with args: ['id:username', 'tomsmith']</msg>
<arg>Attempt ${i+1} for keyword: ${keyword} with args: ${args}</arg>
<doc>Logs the given message with the given level.</doc>
<status status="PASS" start="2026-06-14T19:00:23.907455" elapsed="0.000608"/>
</kw>
<kw name="Run Keyword And Ignore Error" owner="BuiltIn">
<kw name="Input Text" owner="SeleniumLibrary">
<msg time="2026-06-14T19:00:23.908666" level="INFO">Typing text 'tomsmith' into text field 'id:username'.</msg>
<arg>@{args}</arg>
<doc>Types the given ``text`` into the text field identified by ``locator``.</doc>
<status status="PASS" start="2026-06-14T19:00:23.908480" elapsed="0.100715"/>
</kw>
<msg time="2026-06-14T19:00:24.009440" level="INFO">${result} = ('PASS', None)</msg>
<var>${result}</var>
<arg>${keyword}</arg>
<arg>@{args}</arg>
<doc>Runs the given keyword with the given arguments and ignores possible error.</doc>
<status status="PASS" start="2026-06-14T19:00:23.908170" elapsed="0.101311"/>
</kw>
<kw name="Run Keyword If" owner="BuiltIn">
<kw name="Exit For Loop" owner="BuiltIn">
<msg time="2026-06-14T19:00:24.010888" level="INFO">Exiting for loop altogether.</msg>
<doc>Stops executing the enclosing FOR loop.</doc>
<status status="PASS" start="2026-06-14T19:00:24.010699" elapsed="0.000268"/>
</kw>
<arg>'${result[0]}' == 'PASS'</arg>
<arg>Exit For Loop</arg>
<doc>Runs the given keyword with the given arguments, if ``condition`` is true.</doc>
<status status="PASS" start="2026-06-14T19:00:24.009695" elapsed="0.001325"/>
</kw>
<kw name="Sleep" owner="BuiltIn">
<arg>${RETRY_DELAY}</arg>
<doc>Pauses the test executed for the given time.</doc>
<status status="NOT RUN" start="2026-06-14T19:00:24.011121" elapsed="0.000021"/>
</kw>
<var name="${i}">0</var>
<status status="PASS" start="2026-06-14T19:00:23.907340" elapsed="0.103829"/>
</iter>
<var>${i}</var>
<value>${RETRY_ATTEMPTS}</value>
<status status="PASS" start="2026-06-14T19:00:23.907071" elapsed="0.104154"/>
</for>
<kw name="Run Keyword If" owner="BuiltIn">
<arg>'${result[0]}' == 'FAIL'</arg>
<arg>Fail</arg>
<arg>Keyword ${keyword} failed after ${RETRY_ATTEMPTS} attempts</arg>
<doc>Runs the given keyword with the given arguments, if ``condition`` is true.</doc>
<status status="PASS" start="2026-06-14T19:00:24.011328" elapsed="0.000438"/>
</kw>
<arg>Input Text</arg>
<arg>id:username</arg>
<arg>${username}</arg>
<status status="PASS" start="2026-06-14T19:00:23.906705" elapsed="0.105120"/>
</kw>
<kw name="Retry Keyword">
<for flavor="IN RANGE">
<iter>
<kw name="Log" owner="BuiltIn">
<msg time="2026-06-14T19:00:24.012692" level="INFO">Attempt 1 for keyword: Input Text with args: ['id:password', 'SuperSecretPassword!']</msg>
<arg>Attempt ${i+1} for keyword: ${keyword} with args: ${args}</arg>
<doc>Logs the given message with the given level.</doc>
<status status="PASS" start="2026-06-14T19:00:24.012366" elapsed="0.000359"/>
</kw>
<kw name="Run Keyword And Ignore Error" owner="BuiltIn">
<kw name="Input Text" owner="SeleniumLibrary">
<msg time="2026-06-14T19:00:24.013191" level="INFO">Typing text 'SuperSecretPassword!' into text field 'id:password'.</msg>
<arg>@{args}</arg>
<doc>Types the given ``text`` into the text field identified by ``locator``.</doc>
<status status="PASS" start="2026-06-14T19:00:24.013013" elapsed="0.065986"/>
</kw>
<msg time="2026-06-14T19:00:24.079179" level="INFO">${result} = ('PASS', None)</msg>
<var>${result}</var>
<arg>${keyword}</arg>
<arg>@{args}</arg>
<doc>Runs the given keyword with the given arguments and ignores possible error.</doc>
<status status="PASS" start="2026-06-14T19:00:24.012808" elapsed="0.066399"/>
</kw>
<kw name="Run Keyword If" owner="BuiltIn">
<kw name="Exit For Loop" owner="BuiltIn">
<msg time="2026-06-14T19:00:24.080202" level="INFO">Exiting for loop altogether.</msg>
<doc>Stops executing the enclosing FOR loop.</doc>
<status status="PASS" start="2026-06-14T19:00:24.080056" elapsed="0.000210"/>
</kw>
<arg>'${result[0]}' == 'PASS'</arg>
<arg>Exit For Loop</arg>
<doc>Runs the given keyword with the given arguments, if ``condition`` is true.</doc>
<status status="PASS" start="2026-06-14T19:00:24.079383" elapsed="0.000930"/>
</kw>
<kw name="Sleep" owner="BuiltIn">
<arg>${RETRY_DELAY}</arg>
<doc>Pauses the test executed for the given time.</doc>
<status status="NOT RUN" start="2026-06-14T19:00:24.080384" elapsed="0.000019"/>
</kw>
<var name="${i}">0</var>
<status status="PASS" start="2026-06-14T19:00:24.012301" elapsed="0.068128"/>
</iter>
<var>${i}</var>
<value>${RETRY_ATTEMPTS}</value>
<status status="PASS" start="2026-06-14T19:00:24.012164" elapsed="0.068317"/>
</for>
<kw name="Run Keyword If" owner="BuiltIn">
<arg>'${result[0]}' == 'FAIL'</arg>
<arg>Fail</arg>
<arg>Keyword ${keyword} failed after ${RETRY_ATTEMPTS} attempts</arg>
<doc>Runs the given keyword with the given arguments, if ``condition`` is true.</doc>
<status status="PASS" start="2026-06-14T19:00:24.080728" elapsed="0.000442"/>
</kw>
<arg>Input Text</arg>
<arg>id:password</arg>
<arg>${password}</arg>
<status status="PASS" start="2026-06-14T19:00:24.011978" elapsed="0.069255"/>
</kw>
<kw name="Retry Keyword">
<for flavor="IN RANGE">
<iter>
<kw name="Log" owner="BuiltIn">
<msg time="2026-06-14T19:00:24.082091" level="INFO">Attempt 1 for keyword: Click Button with args: ['css:button.radius']</msg>
<arg>Attempt ${i+1} for keyword: ${keyword} with args: ${args}</arg>
<doc>Logs the given message with the given level.</doc>
<status status="PASS" start="2026-06-14T19:00:24.081757" elapsed="0.000365"/>
</kw>
<kw name="Run Keyword And Ignore Error" owner="BuiltIn">
<kw name="Click Button" owner="SeleniumLibrary">
<msg time="2026-06-14T19:00:24.082569" level="INFO">Clicking button 'css:button.radius'.</msg>
<arg>@{args}</arg>
<doc>Clicks the button identified by ``locator``.</doc>
<status status="PASS" start="2026-06-14T19:00:24.082408" elapsed="0.070021"/>
</kw>
<msg time="2026-06-14T19:00:24.152685" level="INFO">${result} = ('PASS', None)</msg>
<var>${result}</var>
<arg>${keyword}</arg>
<arg>@{args}</arg>
<doc>Runs the given keyword with the given arguments and ignores possible error.</doc>
<status status="PASS" start="2026-06-14T19:00:24.082200" elapsed="0.070524"/>
</kw>
<kw name="Run Keyword If" owner="BuiltIn">
<kw name="Exit For Loop" owner="BuiltIn">
<msg time="2026-06-14T19:00:24.154595" level="INFO">Exiting for loop altogether.</msg>
<doc>Stops executing the enclosing FOR loop.</doc>
<status status="PASS" start="2026-06-14T19:00:24.154278" elapsed="0.000413"/>
</kw>
<arg>'${result[0]}' == 'PASS'</arg>
<arg>Exit For Loop</arg>
<doc>Runs the given keyword with the given arguments, if ``condition`` is true.</doc>
<status status="PASS" start="2026-06-14T19:00:24.152917" elapsed="0.001852"/>
</kw>
<kw name="Sleep" owner="BuiltIn">
<arg>${RETRY_DELAY}</arg>
<doc>Pauses the test executed for the given time.</doc>
<status status="NOT RUN" start="2026-06-14T19:00:24.154911" elapsed="0.000041"/>
</kw>
<var name="${i}">0</var>
<status status="PASS" start="2026-06-14T19:00:24.081691" elapsed="0.073303"/>
</iter>
<var>${i}</var>
<value>${RETRY_ATTEMPTS}</value>
<status status="PASS" start="2026-06-14T19:00:24.081563" elapsed="0.073522"/>
</for>
<kw name="Run Keyword If" owner="BuiltIn">
<arg>'${result[0]}' == 'FAIL'</arg>
<arg>Fail</arg>
<arg>Keyword ${keyword} failed after ${RETRY_ATTEMPTS} attempts</arg>
<doc>Runs the given keyword with the given arguments, if ``condition`` is true.</doc>
<status status="PASS" start="2026-06-14T19:00:24.155246" elapsed="0.000859"/>
</kw>
<arg>Click Button</arg>
<arg>css:button.radius</arg>
<status status="PASS" start="2026-06-14T19:00:24.081389" elapsed="0.074824"/>
</kw>
<kw name="Wait Until Page Contains" owner="SeleniumLibrary">
<arg>${expected}</arg>
<arg>timeout=10s</arg>
<doc>Waits until ``text`` appears on the current page.</doc>
<status status="PASS" start="2026-06-14T19:00:24.156331" elapsed="0.525939"/>
</kw>
<kw name="Page Should Contain" owner="SeleniumLibrary">
<msg time="2026-06-14T19:00:24.693190" level="INFO">Current page contains text 'Secure Area'.</msg>
<arg>${expected}</arg>
<doc>Verifies that current page contains ``text``.</doc>
<status status="PASS" start="2026-06-14T19:00:24.682539" elapsed="0.010761"/>
</kw>
<kw name="Close Browser Session">
<kw name="Close Browser" owner="SeleniumLibrary">
<doc>Closes the current browser.</doc>
<status status="PASS" start="2026-06-14T19:00:24.693755" elapsed="2.121270"/>
</kw>
<status status="PASS" start="2026-06-14T19:00:24.693520" elapsed="2.121705"/>
</kw>
<arg>https://the-internet.herokuapp.com/login</arg>
<arg>tomsmith</arg>
<arg>SuperSecretPassword!</arg>
<arg>Secure Area</arg>
<status status="PASS" start="2026-06-14T19:00:19.157149" elapsed="7.658146"/>
</kw>
<status status="PASS" start="2026-06-14T19:00:19.156447" elapsed="7.659269"/>
</test>
<test id="s1-s3-t2" name="Invalid Login With Retry" line="42">
<kw name="Login With Credentials (Retry)">
<kw name="Open Headless Browser">
<kw name="Open Browser" owner="SeleniumLibrary">
<msg time="2026-06-14T19:00:26.818606" level="INFO">Opening browser 'chrome' to base url 'https://the-internet.herokuapp.com/login'.</msg>
<arg>${url}</arg>
<arg>${BROWSER}</arg>
<arg>options=${OPTIONS}</arg>
<doc>Opens a new browser instance to the optional ``url``.</doc>
<status status="PASS" start="2026-06-14T19:00:26.817812" elapsed="12.247463"/>
</kw>
<arg>${url}</arg>
<status status="PASS" start="2026-06-14T19:00:26.817103" elapsed="12.248318"/>
</kw>
<kw name="Retry Keyword">
<for flavor="IN RANGE">
<iter>
<kw name="Log" owner="BuiltIn">
<msg time="2026-06-14T19:00:39.067109" level="INFO">Attempt 1 for keyword: Input Text with args: ['id:username', 'wronguser']</msg>
<arg>Attempt ${i+1} for keyword: ${keyword} with args: ${args}</arg>
<doc>Logs the given message with the given level.</doc>
<status status="PASS" start="2026-06-14T19:00:39.066419" elapsed="0.001103"/>
</kw>
<kw name="Run Keyword And Ignore Error" owner="BuiltIn">
<kw name="Input Text" owner="SeleniumLibrary">
<msg time="2026-06-14T19:00:39.068962" level="INFO">Typing text 'wronguser' into text field 'id:username'.</msg>
<arg>@{args}</arg>
<doc>Types the given ``text`` into the text field identified by ``locator``.</doc>
<status status="PASS" start="2026-06-14T19:00:39.068381" elapsed="0.096089"/>
</kw>
<msg time="2026-06-14T19:00:39.164667" level="INFO">${result} = ('PASS', None)</msg>
<var>${result}</var>
<arg>${keyword}</arg>
<arg>@{args}</arg>
<doc>Runs the given keyword with the given arguments and ignores possible error.</doc>
<status status="PASS" start="2026-06-14T19:00:39.067771" elapsed="0.096921"/>
</kw>
<kw name="Run Keyword If" owner="BuiltIn">
<kw name="Exit For Loop" owner="BuiltIn">
<msg time="2026-06-14T19:00:39.165846" level="INFO">Exiting for loop altogether.</msg>
<doc>Stops executing the enclosing FOR loop.</doc>
<status status="PASS" start="2026-06-14T19:00:39.165691" elapsed="0.000219"/>
</kw>
<arg>'${result[0]}' == 'PASS'</arg>
<arg>Exit For Loop</arg>
<doc>Runs the given keyword with the given arguments, if ``condition`` is true.</doc>
<status status="PASS" start="2026-06-14T19:00:39.164853" elapsed="0.001103"/>
</kw>
<kw name="Sleep" owner="BuiltIn">
<arg>${RETRY_DELAY}</arg>
<doc>Pauses the test executed for the given time.</doc>
<status status="NOT RUN" start="2026-06-14T19:00:39.166026" elapsed="0.000019"/>
</kw>
<var name="${i}">0</var>
<status status="PASS" start="2026-06-14T19:00:39.066280" elapsed="0.099792"/>
</iter>
<var>${i}</var>
<value>${RETRY_ATTEMPTS}</value>
<status status="PASS" start="2026-06-14T19:00:39.065931" elapsed="0.100181"/>
</for>
<kw name="Run Keyword If" owner="BuiltIn">
<arg>'${result[0]}' == 'FAIL'</arg>
<arg>Fail</arg>
<arg>Keyword ${keyword} failed after ${RETRY_ATTEMPTS} attempts</arg>
<doc>Runs the given keyword with the given arguments, if ``condition`` is true.</doc>
<status status="PASS" start="2026-06-14T19:00:39.166197" elapsed="0.000414"/>
</kw>
<arg>Input Text</arg>
<arg>id:username</arg>
<arg>${username}</arg>
<status status="PASS" start="2026-06-14T19:00:39.065654" elapsed="0.101014"/>
</kw>
<kw name="Retry Keyword">
<for flavor="IN RANGE">
<iter>
<kw name="Log" owner="BuiltIn">
<msg time="2026-06-14T19:00:39.168985" level="INFO">Attempt 1 for keyword: Input Text with args: ['id:password', 'wrongpassword']</msg>
<arg>Attempt ${i+1} for keyword: ${keyword} with args: ${args}</arg>
<doc>Logs the given message with the given level.</doc>
<status status="PASS" start="2026-06-14T19:00:39.168116" elapsed="0.000940"/>
</kw>
<kw name="Run Keyword And Ignore Error" owner="BuiltIn">
<kw name="Input Text" owner="SeleniumLibrary">
<msg time="2026-06-14T19:00:39.169917" level="INFO">Typing text 'wrongpassword' into text field 'id:password'.</msg>
<arg>@{args}</arg>
<doc>Types the given ``text`` into the text field identified by ``locator``.</doc>
<status status="PASS" start="2026-06-14T19:00:39.169565" elapsed="0.060715"/>
</kw>
<msg time="2026-06-14T19:00:39.230471" level="INFO">${result} = ('PASS', None)</msg>
<var>${result}</var>
<arg>${keyword}</arg>
<arg>@{args}</arg>
<doc>Runs the given keyword with the given arguments and ignores possible error.</doc>
<status status="PASS" start="2026-06-14T19:00:39.169224" elapsed="0.061272"/>
</kw>
<kw name="Run Keyword If" owner="BuiltIn">
<kw name="Exit For Loop" owner="BuiltIn">
<msg time="2026-06-14T19:00:39.231445" level="INFO">Exiting for loop altogether.</msg>
<doc>Stops executing the enclosing FOR loop.</doc>
<status status="PASS" start="2026-06-14T19:00:39.231307" elapsed="0.000195"/>
</kw>
<arg>'${result[0]}' == 'PASS'</arg>
<arg>Exit For Loop</arg>
<doc>Runs the given keyword with the given arguments, if ``condition`` is true.</doc>
<status status="PASS" start="2026-06-14T19:00:39.230642" elapsed="0.000901"/>
</kw>
<kw name="Sleep" owner="BuiltIn">
<arg>${RETRY_DELAY}</arg>
<doc>Pauses the test executed for the given time.</doc>
<status status="NOT RUN" start="2026-06-14T19:00:39.231610" elapsed="0.000018"/>
</kw>
<var name="${i}">0</var>
<status status="PASS" start="2026-06-14T19:00:39.167930" elapsed="0.063726"/>
</iter>
<var>${i}</var>
<value>${RETRY_ATTEMPTS}</value>
<status status="PASS" start="2026-06-14T19:00:39.167559" elapsed="0.064134"/>
</for>
<kw name="Run Keyword If" owner="BuiltIn">
<arg>'${result[0]}' == 'FAIL'</arg>
<arg>Fail</arg>
<arg>Keyword ${keyword} failed after ${RETRY_ATTEMPTS} attempts</arg>
<doc>Runs the given keyword with the given arguments, if ``condition`` is true.</doc>
<status status="PASS" start="2026-06-14T19:00:39.231773" elapsed="0.000413"/>
</kw>
<arg>Input Text</arg>
<arg>id:password</arg>
<arg>${password}</arg>
<status status="PASS" start="2026-06-14T19:00:39.166893" elapsed="0.065350"/>
</kw>
<kw name="Retry Keyword">
<for flavor="IN RANGE">
<iter>
<kw name="Log" owner="BuiltIn">
<msg time="2026-06-14T19:00:39.233089" level="INFO">Attempt 1 for keyword: Click Button with args: ['css:button.radius']</msg>
<arg>Attempt ${i+1} for keyword: ${keyword} with args: ${args}</arg>
<doc>Logs the given message with the given level.</doc>
<status status="PASS" start="2026-06-14T19:00:39.232747" elapsed="0.000373"/>
</kw>
<kw name="Run Keyword And Ignore Error" owner="BuiltIn">
<kw name="Click Button" owner="SeleniumLibrary">
<msg time="2026-06-14T19:00:39.233548" level="INFO">Clicking button 'css:button.radius'.</msg>
<arg>@{args}</arg>
<doc>Clicks the button identified by ``locator``.</doc>
<status status="PASS" start="2026-06-14T19:00:39.233388" elapsed="0.067620"/>
</kw>
<msg time="2026-06-14T19:00:39.301306" level="INFO">${result} = ('PASS', None)</msg>
<var>${result}</var>
<arg>${keyword}</arg>
<arg>@{args}</arg>
<doc>Runs the given keyword with the given arguments and ignores possible error.</doc>
<status status="PASS" start="2026-06-14T19:00:39.233195" elapsed="0.068155"/>
</kw>
<kw name="Run Keyword If" owner="BuiltIn">
<kw name="Exit For Loop" owner="BuiltIn">
<msg time="2026-06-14T19:00:39.303065" level="INFO">Exiting for loop altogether.</msg>
<doc>Stops executing the enclosing FOR loop.</doc>
<status status="PASS" start="2026-06-14T19:00:39.302812" elapsed="0.000364"/>
</kw>
<arg>'${result[0]}' == 'PASS'</arg>
<arg>Exit For Loop</arg>
<doc>Runs the given keyword with the given arguments, if ``condition`` is true.</doc>
<status status="PASS" start="2026-06-14T19:00:39.301578" elapsed="0.001703"/>
</kw>
<kw name="Sleep" owner="BuiltIn">
<arg>${RETRY_DELAY}</arg>
<doc>Pauses the test executed for the given time.</doc>
<status status="NOT RUN" start="2026-06-14T19:00:39.303406" elapsed="0.000028"/>
</kw>
<var name="${i}">0</var>
<status status="PASS" start="2026-06-14T19:00:39.232687" elapsed="0.070777"/>
</iter>
<var>${i}</var>
<value>${RETRY_ATTEMPTS}</value>
<status status="PASS" start="2026-06-14T19:00:39.232562" elapsed="0.070948"/>
</for>
<kw name="Run Keyword If" owner="BuiltIn">
<arg>'${result[0]}' == 'FAIL'</arg>
<arg>Fail</arg>
<arg>Keyword ${keyword} failed after ${RETRY_ATTEMPTS} attempts</arg>
<doc>Runs the given keyword with the given arguments, if ``condition`` is true.</doc>
<status status="PASS" start="2026-06-14T19:00:39.303609" elapsed="0.000753"/>
</kw>
<arg>Click Button</arg>
<arg>css:button.radius</arg>
<status status="PASS" start="2026-06-14T19:00:39.232399" elapsed="0.072054"/>
</kw>
<kw name="Wait Until Page Contains" owner="SeleniumLibrary">
<arg>${expected}</arg>
<arg>timeout=10s</arg>
<doc>Waits until ``text`` appears on the current page.</doc>
<status status="PASS" start="2026-06-14T19:00:39.304554" elapsed="0.517514"/>
</kw>
<kw name="Page Should Contain" owner="SeleniumLibrary">
<msg time="2026-06-14T19:00:39.854155" level="INFO">Current page contains text 'Your username is invalid!'.</msg>
<arg>${expected}</arg>
<doc>Verifies that current page contains ``text``.</doc>
<status status="PASS" start="2026-06-14T19:00:39.822274" elapsed="0.032020"/>
</kw>
<kw name="Close Browser Session">
<kw name="Close Browser" owner="SeleniumLibrary">
<doc>Closes the current browser.</doc>
<status status="PASS" start="2026-06-14T19:00:39.854774" elapsed="2.121806"/>
</kw>
<status status="PASS" start="2026-06-14T19:00:39.854518" elapsed="2.122298"/>
</kw>
<arg>https://the-internet.herokuapp.com/login</arg>
<arg>wronguser</arg>
<arg>wrongpassword</arg>
<arg>Your username is invalid!</arg>
<status status="PASS" start="2026-06-14T19:00:26.816852" elapsed="15.160053"/>
</kw>
<status status="PASS" start="2026-06-14T19:00:26.816444" elapsed="15.160800"/>
</test>
<status status="PASS" start="2026-06-14T19:00:19.154151" elapsed="22.823542"/>
</suite>
<suite id="s1-s4" name="Sensor Tests" source="C:\Users\Sampath_Kumar_K\OneDrive\my-robot-project\tests\sensor_tests.robot">
<test id="s1-s4-t1" name="Sensor Normal Read" line="5">
<kw name="Read Value" owner="Sensor">
<msg time="2026-06-14T19:00:41.983209" level="INFO">${val} = 25.07</msg>
<var>${val}</var>
<status status="PASS" start="2026-06-14T19:00:41.983050" elapsed="0.000187"/>
</kw>
<kw name="Should Be True" owner="BuiltIn">
<arg>${val} &gt;= 24.5 and ${val} &lt;= 25.5</arg>
<doc>Fails if the given condition is not true.</doc>
<status status="PASS" start="2026-06-14T19:00:41.983386" elapsed="0.000356"/>
</kw>
<status status="PASS" start="2026-06-14T19:00:41.982648" elapsed="0.001360"/>
</test>
<test id="s1-s4-t2" name="Sensor Error Injection" line="9">
<kw name="Enable Error Mode" owner="Sensor">
<arg>True</arg>
<status status="PASS" start="2026-06-14T19:00:41.984994" elapsed="0.000197"/>
</kw>
<kw name="Read Value" owner="Sensor">
<msg time="2026-06-14T19:00:41.985631" level="INFO">${val} = 24.76</msg>
<var>${val}</var>
<status status="PASS" start="2026-06-14T19:00:41.985461" elapsed="0.000196"/>
</kw>
<kw name="Run Keyword If" owner="BuiltIn">
<arg>'${val}' == 'CRC_ERROR'</arg>
<arg>Log</arg>
<arg>Simulated CRC error detected</arg>
<doc>Runs the given keyword with the given arguments, if ``condition`` is true.</doc>
<status status="PASS" start="2026-06-14T19:00:41.985888" elapsed="0.000365"/>
</kw>
<kw name="Run Keyword If" owner="BuiltIn">
<kw name="Should Be True" owner="BuiltIn">
<arg>${val} &gt;= 24.0 and ${val} &lt;= 26.0</arg>
<doc>Fails if the given condition is not true.</doc>
<status status="PASS" start="2026-06-14T19:00:41.986758" elapsed="0.000274"/>
</kw>
<arg>'${val}' != 'CRC_ERROR'</arg>
<arg>Should Be True</arg>
<arg>${val} &gt;= 24.0 and ${val} &lt;= 26.0</arg>
<doc>Runs the given keyword with the given arguments, if ``condition`` is true.</doc>
<status status="PASS" start="2026-06-14T19:00:41.986469" elapsed="0.000601"/>
</kw>
<status status="PASS" start="2026-06-14T19:00:41.984470" elapsed="0.002805"/>
</test>
<test id="s1-s4-t3" name="Sensor Deterministic Seed" line="15">
<kw name="Set Seed" owner="Sensor">
<arg>123</arg>
<status status="PASS" start="2026-06-14T19:00:41.988204" elapsed="0.000127"/>
</kw>
<kw name="Read Value" owner="Sensor">
<msg time="2026-06-14T19:00:41.988593" level="INFO">${val1} = 25.11</msg>
<var>${val1}</var>
<status status="PASS" start="2026-06-14T19:00:41.988485" elapsed="0.000127"/>
</kw>
<kw name="Set Seed" owner="Sensor">
<arg>123</arg>
<status status="PASS" start="2026-06-14T19:00:41.988720" elapsed="0.000080"/>
</kw>
<kw name="Read Value" owner="Sensor">
<msg time="2026-06-14T19:00:41.988986" level="INFO">${val2} = 25.11</msg>
<var>${val2}</var>
<status status="PASS" start="2026-06-14T19:00:41.988904" elapsed="0.000097"/>
</kw>
<kw name="Should Be Equal" owner="BuiltIn">
<arg>${val1}</arg>
<arg>${val2}</arg>
<doc>Fails if the given objects are unequal.</doc>
<status status="PASS" start="2026-06-14T19:00:41.989129" elapsed="0.000248"/>
</kw>
<status status="PASS" start="2026-06-14T19:00:41.987707" elapsed="0.001814"/>
</test>
<status status="PASS" start="2026-06-14T19:00:41.978255" elapsed="0.011684"/>
</suite>
<suite id="s1-s5" name="Spi Integration" source="C:\Users\Sampath_Kumar_K\OneDrive\my-robot-project\tests\spi_integration.robot">
<test id="s1-s5-t1" name="Valid Sensor Frame" line="5">
<kw name="Run Firmware" owner="spi_api">
<msg time="2026-06-14T19:00:43.011271" level="INFO">${output} = HAL_SPI_Init: Mock SPI initialized (host=127.0.0.1, port=65432)
Sending command to SPI: READ_TEMP
Received from SPI: TEMP:25.13|CRC_OK
Valid temperature frame: TEMP:25.13|CRC_OK
HAL_SPI_DeInit: Mock S...</msg>
<var>${output}</var>
<arg>READ_TEMP</arg>
<doc>Run firmware binary with a simulated SPI command and capture output.</doc>
<status status="PASS" start="2026-06-14T19:00:41.993403" elapsed="1.017927"/>
</kw>
<kw name="Should Contain" owner="BuiltIn">
<arg>${output}</arg>
<arg>CRC_OK</arg>
<doc>Fails if ``container`` does not contain ``item`` one or more times.</doc>
<status status="PASS" start="2026-06-14T19:00:43.011614" elapsed="0.000434"/>
</kw>
<kw name="Should Contain" owner="BuiltIn">
<arg>${output}</arg>
<arg>TEMP:25.13</arg>
<doc>Fails if ``container`` does not contain ``item`` one or more times.</doc>
<status status="PASS" start="2026-06-14T19:00:43.012228" elapsed="0.000209"/>
</kw>
<doc>Verify firmware returns a valid temperature frame with CRC_OK</doc>
<status status="PASS" start="2026-06-14T19:00:41.993061" elapsed="1.019535"/>
</test>
<test id="s1-s5-t2" name="CRC Error Frame" line="11">
<kw name="Run Firmware" owner="spi_api">
<msg time="2026-06-14T19:00:43.106606" level="INFO">${output} = HAL_SPI_Init: Mock SPI initialized (host=127.0.0.1, port=65432)
Sending command to SPI: READ_FAULT
Received from SPI: TEMP:xx.xx|CRC_ERROR
Sensor CRC error detected!
HAL_SPI_DeInit: Mock SPI deinitial...</msg>
<var>${output}</var>
<arg>READ_FAULT</arg>
<doc>Run firmware binary with a simulated SPI command and capture output.</doc>
<status status="PASS" start="2026-06-14T19:00:43.013200" elapsed="0.093461"/>
</kw>
<kw name="Should Contain" owner="BuiltIn">
<arg>${output}</arg>
<arg>CRC_ERROR</arg>
<doc>Fails if ``container`` does not contain ``item`` one or more times.</doc>
<status status="PASS" start="2026-06-14T19:00:43.106947" elapsed="0.000372"/>
</kw>
<kw name="Should Contain" owner="BuiltIn">
<arg>${output}</arg>
<arg>TEMP:xx.xx</arg>
<doc>Fails if ``container`` does not contain ``item`` one or more times.</doc>
<status status="PASS" start="2026-06-14T19:00:43.107533" elapsed="0.000223"/>
</kw>
<doc>Verify firmware detects CRC error in sensor frame</doc>
<status status="PASS" start="2026-06-14T19:00:43.012916" elapsed="0.095026"/>
</test>
<test id="s1-s5-t3" name="Unknown Command Frame" line="17">
<kw name="Run Firmware" owner="spi_api">
<msg time="2026-06-14T19:00:43.206836" level="INFO">${output} = HAL_SPI_Init: Mock SPI initialized (host=127.0.0.1, port=65432)
Sending command to SPI: INVALID_CMD
Received from SPI: UNKNOWN_COMMAND
Valid temperature frame: UNKNOWN_COMMAND
HAL_SPI_DeInit: Mock SPI...</msg>
<var>${output}</var>
<arg>INVALID_CMD</arg>
<doc>Run firmware binary with a simulated SPI command and capture output.</doc>
<status status="PASS" start="2026-06-14T19:00:43.108473" elapsed="0.098420"/>
</kw>
<kw name="Should Contain" owner="BuiltIn">
<arg>${output}</arg>
<arg>UNKNOWN_COMMAND</arg>
<doc>Fails if ``container`` does not contain ``item`` one or more times.</doc>
<status status="PASS" start="2026-06-14T19:00:43.207139" elapsed="0.000335"/>
</kw>
<doc>Verify firmware handles unknown SPI command gracefully</doc>
<status status="PASS" start="2026-06-14T19:00:43.108180" elapsed="0.099438"/>
</test>
<status status="PASS" start="2026-06-14T19:00:41.990420" elapsed="1.217636"/>
</suite>
<suite id="s1-s6" name="Uart Tests" source="C:\Users\Sampath_Kumar_K\OneDrive\my-robot-project\tests\uart_tests.robot">
<test id="s1-s6-t1" name="UART Echo Test" line="5">
<kw name="Send" owner="UART">
<arg>HelloBoard</arg>
<doc>Send a message asynchronously with delay and error injection.</doc>
<status status="PASS" start="2026-06-14T19:00:43.211465" elapsed="0.000485"/>
</kw>
<kw name="Receive" owner="UART">
<msg time="2026-06-14T19:00:43.212398" level="INFO">${resp} = HelloBoard</msg>
<var>${resp}</var>
<arg>timeout_ms=500</arg>
<doc>Receive a message with optional timeout.</doc>
<status status="PASS" start="2026-06-14T19:00:43.212164" elapsed="0.000261"/>
</kw>
<kw name="Should Be Equal" owner="BuiltIn">
<arg>${resp}</arg>
<arg>HelloBoard</arg>
<doc>Fails if the given objects are unequal.</doc>
<status status="PASS" start="2026-06-14T19:00:43.212600" elapsed="0.000360"/>
</kw>
<status status="PASS" start="2026-06-14T19:00:43.211125" elapsed="0.002048"/>
</test>
<test id="s1-s6-t2" name="Deterministic UART Seed" line="10">
<kw name="Set Seed" owner="UART">
<arg>42</arg>
<doc>Set the seed for the random generator to ensure reproducibility.</doc>
<status status="PASS" start="2026-06-14T19:00:43.213885" elapsed="0.000162"/>
</kw>
<kw name="Enable Error Mode" owner="UART">
<arg>True</arg>
<arg>1.0</arg>
<doc>Enable or disable error injection with probability.</doc>
<status status="PASS" start="2026-06-14T19:00:43.214214" elapsed="0.000117"/>
</kw>
<kw name="Send" owner="UART">
<arg>TestMsg</arg>
<doc>Send a message asynchronously with delay and error injection.</doc>
<status status="PASS" start="2026-06-14T19:00:43.214468" elapsed="0.000368"/>
</kw>
<kw name="Receive" owner="UART">
<msg time="2026-06-14T19:00:43.215207" level="INFO">${resp} = CORRUPTED</msg>
<var>${resp}</var>
<arg>timeout_ms=500</arg>
<doc>Receive a message with optional timeout.</doc>
<status status="PASS" start="2026-06-14T19:00:43.215026" elapsed="0.000200"/>
</kw>
<kw name="Should Be Equal" owner="BuiltIn">
<arg>${resp}</arg>
<arg>CORRUPTED</arg>
<doc>Fails if the given objects are unequal.</doc>
<status status="PASS" start="2026-06-14T19:00:43.215370" elapsed="0.000248"/>
</kw>
<status status="PASS" start="2026-06-14T19:00:43.213588" elapsed="0.002174"/>
</test>
<test id="s1-s6-t3" name="UART Timeout And Delay" line="17">
<kw name="Set Seed" owner="UART">
<arg>1</arg>
<doc>Set the seed for the random generator to ensure reproducibility.</doc>
<status status="PASS" start="2026-06-14T19:00:43.216245" elapsed="0.000117"/>
</kw>
<kw name="Enable Error Mode" owner="UART">
<arg>False</arg>
<doc>Enable or disable error injection with probability.</doc>
<status status="PASS" start="2026-06-14T19:00:43.216478" elapsed="0.000083"/>
</kw>
<kw name="Set Delay" owner="UART">
<arg>500</arg>
<doc>Set artificial delay response time in milliseconds.</doc>
<status status="PASS" start="2026-06-14T19:00:43.216656" elapsed="0.000058"/>
</kw>
<kw name="Send" owner="UART">
<arg>SlowMsg</arg>
<doc>Send a message asynchronously with delay and error injection.</doc>
<status status="PASS" start="2026-06-14T19:00:43.216819" elapsed="0.000582"/>
</kw>
<kw name="Receive" owner="UART">
<msg time="2026-06-14T19:00:43.318758" level="INFO">${resp} = </msg>
<var>${resp}</var>
<arg>timeout_ms=100</arg>
<doc>Receive a message with optional timeout.</doc>
<status status="PASS" start="2026-06-14T19:00:43.217764" elapsed="0.101058"/>
</kw>
<kw name="Should Be Equal" owner="BuiltIn">
<arg>${resp}</arg>
<arg>${EMPTY}</arg>
<doc>Fails if the given objects are unequal.</doc>
<status status="PASS" start="2026-06-14T19:00:43.319382" elapsed="0.000760"/>
</kw>
<kw name="Receive" owner="UART">
<msg time="2026-06-14T19:00:43.719801" level="INFO">${resp} = SlowMsg</msg>
<var>${resp}</var>
<arg>timeout_ms=1000</arg>
<doc>Receive a message with optional timeout.</doc>
<status status="PASS" start="2026-06-14T19:00:43.320389" elapsed="0.399471"/>
</kw>
<kw name="Should Be Equal" owner="BuiltIn">
<arg>${resp}</arg>
<arg>SlowMsg</arg>
<doc>Fails if the given objects are unequal.</doc>
<status status="PASS" start="2026-06-14T19:00:43.720259" elapsed="0.000457"/>
</kw>
<status status="PASS" start="2026-06-14T19:00:43.216017" elapsed="0.504953"/>
</test>
<test id="s1-s6-t4" name="UART Error Injection Probability" line="27">
<kw name="Set Seed" owner="UART">
<arg>123</arg>
<doc>Set the seed for the random generator to ensure reproducibility.</doc>
<status status="PASS" start="2026-06-14T19:00:43.721650" elapsed="0.000160"/>
</kw>
<kw name="Enable Error Mode" owner="UART">
<arg>True</arg>
<arg>1.0</arg>
<doc>Enable or disable error injection with probability.</doc>
<status status="PASS" start="2026-06-14T19:00:43.721971" elapsed="0.000117"/>
</kw>
<kw name="Send" owner="UART">
<arg>DataFrame</arg>
<doc>Send a message asynchronously with delay and error injection.</doc>
<status status="PASS" start="2026-06-14T19:00:43.722213" elapsed="0.000355"/>
</kw>
<kw name="Receive" owner="UART">
<msg time="2026-06-14T19:00:43.722916" level="INFO">${resp} = CORRUPTED</msg>
<var>${resp}</var>
<arg>timeout_ms=500</arg>
<doc>Receive a message with optional timeout.</doc>
<status status="PASS" start="2026-06-14T19:00:43.722734" elapsed="0.000203"/>
</kw>
<kw name="Should Be Equal" owner="BuiltIn">
<arg>${resp}</arg>
<arg>CORRUPTED</arg>
<doc>Fails if the given objects are unequal.</doc>
<status status="PASS" start="2026-06-14T19:00:43.723098" elapsed="0.000242"/>
</kw>
<status status="PASS" start="2026-06-14T19:00:43.721294" elapsed="0.002198"/>
</test>
<status status="PASS" start="2026-06-14T19:00:43.208543" elapsed="0.515252"/>
</suite>
<status status="PASS" start="2026-06-14T19:00:13.958235" elapsed="29.765912"/>
</suite>
<statistics>
<total>
<stat pass="16" fail="0" skip="0">All Tests</stat>
</total>
<tag>
</tag>
<suite>
<stat name="Tests" id="s1" pass="16" fail="0" skip="0">Tests</stat>
<stat name="Form" id="s1-s1" pass="1" fail="0" skip="0">Tests.Form</stat>
<stat name="Gpio Tests" id="s1-s2" pass="3" fail="0" skip="0">Tests.Gpio Tests</stat>
<stat name="Login" id="s1-s3" pass="2" fail="0" skip="0">Tests.Login</stat>
<stat name="Sensor Tests" id="s1-s4" pass="3" fail="0" skip="0">Tests.Sensor Tests</stat>
<stat name="Spi Integration" id="s1-s5" pass="3" fail="0" skip="0">Tests.Spi Integration</stat>
<stat name="Uart Tests" id="s1-s6" pass="4" fail="0" skip="0">Tests.Uart Tests</stat>
</suite>
</statistics>
<errors>
</errors>
</robot>
