<?xml version="1.0" encoding="UTF-8"?>
<robot generator="Robot 7.4.2 (Python 3.13.12 on win32)" generated="2026-06-09T23:50:59.911953" rpa="false" schemaversion="5">
<suite id="s1" name="Login" source="C:\Users\Sampath_Kumar_K\OneDrive\my-robot-project\tests\login.robot">
<test id="s1-t1" name="Valid Login" line="7">
<kw name="Open Browser" owner="SeleniumLibrary">
<msg time="2026-06-09T23:51:00.231065" level="INFO">Opening browser 'chrome' to base url 'https://the-internet.herokuapp.com/login'.</msg>
<arg>https://the-internet.herokuapp.com/login</arg>
<arg>chrome</arg>
<arg>options=add_argument("--headless")</arg>
<doc>Opens a new browser instance to the optional ``url``.</doc>
<status status="PASS" start="2026-06-09T23:51:00.230792" elapsed="4.997147"/>
</kw>
<kw name="Input Text" owner="SeleniumLibrary">
<msg time="2026-06-09T23:51:05.230399" level="INFO">Typing text 'tomsmith' into text field 'id:username'.</msg>
<arg>id:username</arg>
<arg>tomsmith</arg>
<doc>Types the given ``text`` into the text field identified by ``locator``.</doc>
<status status="PASS" start="2026-06-09T23:51:05.229163" elapsed="0.131303"/>
</kw>
<kw name="Input Text" owner="SeleniumLibrary">
<msg time="2026-06-09T23:51:05.362325" level="INFO">Typing text 'SuperSecretPassword!' into text field 'id:password'.</msg>
<arg>id:password</arg>
<arg>SuperSecretPassword!</arg>
<doc>Types the given ``text`` into the text field identified by ``locator``.</doc>
<status status="PASS" start="2026-06-09T23:51:05.361699" elapsed="0.115232"/>
</kw>
<kw name="Click Button" owner="SeleniumLibrary">
<msg time="2026-06-09T23:51:05.478363" level="INFO">Clicking button 'css:button.radius'.</msg>
<arg>css:button.radius</arg>
<doc>Clicks the button identified by ``locator``.</doc>
<status status="PASS" start="2026-06-09T23:51:05.477752" elapsed="0.117769"/>
</kw>
<kw name="Page Should Contain" owner="SeleniumLibrary">
<msg time="2026-06-09T23:51:06.167566" level="INFO">Current page contains text 'Secure Area'.</msg>
<arg>Secure Area</arg>
<doc>Verifies that current page contains ``text``.</doc>
<status status="PASS" start="2026-06-09T23:51:05.596280" elapsed="0.571509"/>
</kw>
<kw name="Close Browser" owner="SeleniumLibrary">
<doc>Closes the current browser.</doc>
<status status="PASS" start="2026-06-09T23:51:06.168479" elapsed="2.177387"/>
</kw>
<status status="PASS" start="2026-06-09T23:51:00.229503" elapsed="8.117280"/>
</test>
<status status="PASS" start="2026-06-09T23:50:59.915506" elapsed="8.432694"/>
</suite>
<statistics>
<total>
<stat pass="1" fail="0" skip="0">All Tests</stat>
</total>
<tag>
</tag>
<suite>
<stat name="Login" id="s1" pass="1" fail="0" skip="0">Login</stat>
</suite>
</statistics>
<errors>
</errors>
</robot>
